# JRE version: Java(TM) SE Runtime Environment (8.0_66-b18) (build 1.8.0_66-b18)
# Java VM: Java HotSpot(TM) 64-Bit Server VM (25.66-b18 mixed mode windows-amd64 compressed oops)
Heap:
 PSYoungGen      total 305664K, used 133883K [0x000000072ab00000, 0x0000000743480000, 0x00000007c0000000)
  eden space 262144K, 51% used [0x000000072ab00000,0x0000000732dbee80,0x000000073ab00000)
  from space 43520K, 0% used [0x000000073d580000,0x000000073d580000,0x0000000740000000)
  to   space 43520K, 0% used [0x000000073ab00000,0x000000073ab00000,0x000000073d580000)
 ParOldGen       total 822272K, used 25177K [0x0000000600000000, 0x0000000632300000, 0x000000072ab00000)
  object space 822272K, 3% used [0x0000000600000000,0x00000006018965e8,0x0000000632300000)
 Metaspace       used 45281K, capacity 46330K, committed 46592K, reserved 1089536K
  class space    used 6223K, capacity 6551K, committed 6656K, reserved 1048576K
GC Heap History (8 events):
Event: 4.474 GC heap before
{Heap before GC invocations=1 (full 0):
 PSYoungGen      total 305664K, used 220207K [0x000000072ab00000, 0x0000000740000000, 0x00000007c0000000)
  eden space 262144K, 84% used [0x000000072ab00000,0x000000073820bfd0,0x000000073ab00000)
  from space 43520K, 0% used [0x000000073d580000,0x000000073d580000,0x0000000740000000)
  to   space 43520K, 0% used [0x000000073ab00000,0x000000073ab00000,0x000000073d580000)
 ParOldGen       total 699392K, used 0K [0x0000000600000000, 0x000000062ab00000, 0x000000072ab00000)
  object space 699392K, 0% used [0x0000000600000000,0x0000000600000000,0x000000062ab00000)
 Metaspace       used 20775K, capacity 21124K, committed 21296K, reserved 1067008K
  class space    used 2954K, capacity 3098K, committed 3200K, reserved 1048576K
Event: 4.511 GC heap after
Heap after GC invocations=1 (full 0):
 PSYoungGen      total 305664K, used 19122K [0x000000072ab00000, 0x0000000740000000, 0x00000007c0000000)
  eden space 262144K, 0% used [0x000000072ab00000,0x000000072ab00000,0x000000073ab00000)
  from space 43520K, 43% used [0x000000073ab00000,0x000000073bdac9f8,0x000000073d580000)
  to   space 43520K, 0% used [0x000000073d580000,0x000000073d580000,0x0000000740000000)
 ParOldGen       total 699392K, used 16K [0x0000000600000000, 0x000000062ab00000, 0x000000072ab00000)
  object space 699392K, 0% used [0x0000000600000000,0x0000000600004000,0x000000062ab00000)
 Metaspace       used 20775K, capacity 21124K, committed 21296K, reserved 1067008K
  class space    used 2954K, capacity 3098K, committed 3200K, reserved 1048576K
}
Event: 4.511 GC heap before
{Heap before GC invocations=2 (full 1):
 PSYoungGen      total 305664K, used 19122K [0x000000072ab00000, 0x0000000740000000, 0x00000007c0000000)
  eden space 262144K, 0% used [0x000000072ab00000,0x000000072ab00000,0x000000073ab00000)
  from space 43520K, 43% used [0x000000073ab00000,0x000000073bdac9f8,0x000000073d580000)
  to   space 43520K, 0% used [0x000000073d580000,0x000000073d580000,0x0000000740000000)
 ParOldGen       total 699392K, used 16K [0x0000000600000000, 0x000000062ab00000, 0x000000072ab00000)
  object space 699392K, 0% used [0x0000000600000000,0x0000000600004000,0x000000062ab00000)
 Metaspace       used 20775K, capacity 21124K, committed 21296K, reserved 1067008K
  class space    used 2954K, capacity 3098K, committed 3200K, reserved 1048576K
Event: 4.611 GC heap after
Heap after GC invocations=2 (full 1):
 PSYoungGen      total 305664K, used 0K [0x000000072ab00000, 0x0000000740000000, 0x00000007c0000000)
  eden space 262144K, 0% used [0x000000072ab00000,0x000000072ab00000,0x000000073ab00000)
  from space 43520K, 0% used [0x000000073ab00000,0x000000073ab00000,0x000000073d580000)
  to   space 43520K, 0% used [0x000000073d580000,0x000000073d580000,0x0000000740000000)
 ParOldGen       total 699392K, used 18397K [0x0000000600000000, 0x000000062ab00000, 0x000000072ab00000)
  object space 699392K, 2% used [0x0000000600000000,0x00000006011f7558,0x000000062ab00000)
 Metaspace       used 20775K, capacity 21124K, committed 21296K, reserved 1067008K
  class space    used 2954K, capacity 3098K, committed 3200K, reserved 1048576K
}
Event: 11.940 GC heap before
{Heap before GC invocations=3 (full 1):
 PSYoungGen      total 305664K, used 198927K [0x000000072ab00000, 0x0000000740000000, 0x00000007c0000000)
  eden space 262144K, 75% used [0x000000072ab00000,0x0000000736d43e30,0x000000073ab00000)
  from space 43520K, 0% used [0x000000073ab00000,0x000000073ab00000,0x000000073d580000)
  to   space 43520K, 0% used [0x000000073d580000,0x000000073d580000,0x0000000740000000)
 ParOldGen       total 699392K, used 18397K [0x0000000600000000, 0x000000062ab00000, 0x000000072ab00000)
  object space 699392K, 2% used [0x0000000600000000,0x00000006011f7558,0x000000062ab00000)
 Metaspace       used 34503K, capacity 35332K, committed 35456K, reserved 1079296K
  class space    used 4827K, capacity 5138K, committed 5248K, reserved 1048576K
Event: 11.965 GC heap after
Heap after GC invocations=3 (full 1):
 PSYoungGen      total 305664K, used 19106K [0x000000072ab00000, 0x0000000743480000, 0x00000007c0000000)
  eden space 262144K, 0% used [0x000000072ab00000,0x000000072ab00000,0x000000073ab00000)
  from space 43520K, 43% used [0x000000073d580000,0x000000073e8288d8,0x0000000740000000)
  to   space 43520K, 0% used [0x000000073ab00000,0x000000073ab00000,0x000000073d580000)
 ParOldGen       total 699392K, used 18405K [0x0000000600000000, 0x000000062ab00000, 0x000000072ab00000)
  object space 699392K, 2% used [0x0000000600000000,0x00000006011f9558,0x000000062ab00000)
 Metaspace       used 34503K, capacity 35332K, committed 35456K, reserved 1079296K
  class space    used 4827K, capacity 5138K, committed 5248K, reserved 1048576K
}
Event: 11.965 GC heap before
{Heap before GC invocations=4 (full 2):
 PSYoungGen      total 305664K, used 19106K [0x000000072ab00000, 0x0000000743480000, 0x00000007c0000000)
  eden space 262144K, 0% used [0x000000072ab00000,0x000000072ab00000,0x000000073ab00000)
  from space 43520K, 43% used [0x000000073d580000,0x000000073e8288d8,0x0000000740000000)
  to   space 43520K, 0% used [0x000000073ab00000,0x000000073ab00000,0x000000073d580000)
 ParOldGen       total 699392K, used 18405K [0x0000000600000000, 0x000000062ab00000, 0x000000072ab00000)
  object space 699392K, 2% used [0x0000000600000000,0x00000006011f9558,0x000000062ab00000)
 Metaspace       used 34503K, capacity 35332K, committed 35456K, reserved 1079296K
  class space    used 4827K, capacity 5138K, committed 5248K, reserved 1048576K
Event: 12.056 GC heap after
Heap after GC invocations=4 (full 2):
 PSYoungGen      total 305664K, used 0K [0x000000072ab00000, 0x0000000743480000, 0x00000007c0000000)
  eden space 262144K, 0% used [0x000000072ab00000,0x000000072ab00000,0x000000073ab00000)
  from space 43520K, 0% used [0x000000073d580000,0x000000073d580000,0x0000000740000000)
  to   space 43520K, 0% used [0x000000073ab00000,0x000000073ab00000,0x000000073d580000)
 ParOldGen       total 822272K, used 25177K [0x0000000600000000, 0x0000000632300000, 0x000000072ab00000)
  object space 822272K, 3% used [0x0000000600000000,0x00000006018965e8,0x0000000632300000)
 Metaspace       used 34397K, capacity 35076K, committed 35456K, reserved 1079296K
  class space    used 4796K, capacity 5074K, committed 5248K, reserved 1048576K
}

