# JRE version: Java(TM) SE Runtime Environment (8.0_66-b18) (build 1.8.0_66-b18)
# Java VM: Java HotSpot(TM) 64-Bit Server VM (25.66-b18 mixed mode windows-amd64 compressed oops)
Heap:
 PSYoungGen      total 305664K, used 48762K [0x000000072ab00000, 0x0000000743a80000, 0x00000007c0000000)
  eden space 262144K, 8% used [0x000000072ab00000,0x000000072c0ef878,0x000000073ab00000)
  from space 43520K, 60% used [0x000000073ab00000,0x000000073c4af240,0x000000073d580000)
  to   space 43520K, 0% used [0x000000073d580000,0x000000073d580000,0x0000000740000000)
 ParOldGen       total 699392K, used 24354K [0x0000000600000000, 0x000000062ab00000, 0x000000072ab00000)
  object space 699392K, 3% used [0x0000000600000000,0x00000006017c8bc0,0x000000062ab00000)
 Metaspace       used 53635K, capacity 55324K, committed 55424K, reserved 1097728K
  class space    used 7592K, capacity 8017K, committed 8064K, reserved 1048576K
GC Heap History (10 events):
Event: 6.128 GC heap before
{Heap before GC invocations=1 (full 0):
 PSYoungGen      total 305664K, used 214964K [0x000000072ab00000, 0x0000000740000000, 0x00000007c0000000)
  eden space 262144K, 82% used [0x000000072ab00000,0x0000000737ced1d8,0x000000073ab00000)
  from space 43520K, 0% used [0x000000073d580000,0x000000073d580000,0x0000000740000000)
  to   space 43520K, 0% used [0x000000073ab00000,0x000000073ab00000,0x000000073d580000)
 ParOldGen       total 699392K, used 0K [0x0000000600000000, 0x000000062ab00000, 0x000000072ab00000)
  object space 699392K, 0% used [0x0000000600000000,0x0000000600000000,0x000000062ab00000)
 Metaspace       used 20776K, capacity 21156K, committed 21296K, reserved 1067008K
  class space    used 2971K, capacity 3131K, committed 3200K, reserved 1048576K
Event: 6.166 GC heap after
Heap after GC invocations=1 (full 0):
 PSYoungGen      total 305664K, used 18319K [0x000000072ab00000, 0x0000000740000000, 0x00000007c0000000)
  eden space 262144K, 0% used [0x000000072ab00000,0x000000072ab00000,0x000000073ab00000)
  from space 43520K, 42% used [0x000000073ab00000,0x000000073bce3cf8,0x000000073d580000)
  to   space 43520K, 0% used [0x000000073d580000,0x000000073d580000,0x0000000740000000)
 ParOldGen       total 699392K, used 16K [0x0000000600000000, 0x000000062ab00000, 0x000000072ab00000)
  object space 699392K, 0% used [0x0000000600000000,0x0000000600004000,0x000000062ab00000)
 Metaspace       used 20776K, capacity 21156K, committed 21296K, reserved 1067008K
  class space    used 2971K, capacity 3131K, committed 3200K, reserved 1048576K
}
Event: 6.166 GC heap before
{Heap before GC invocations=2 (full 1):
 PSYoungGen      total 305664K, used 18319K [0x000000072ab00000, 0x0000000740000000, 0x00000007c0000000)
  eden space 262144K, 0% used [0x000000072ab00000,0x000000072ab00000,0x000000073ab00000)
  from space 43520K, 42% used [0x000000073ab00000,0x000000073bce3cf8,0x000000073d580000)
  to   space 43520K, 0% used [0x000000073d580000,0x000000073d580000,0x0000000740000000)
 ParOldGen       total 699392K, used 16K [0x0000000600000000, 0x000000062ab00000, 0x000000072ab00000)
  object space 699392K, 0% used [0x0000000600000000,0x0000000600004000,0x000000062ab00000)
 Metaspace       used 20776K, capacity 21156K, committed 21296K, reserved 1067008K
  class space    used 2971K, capacity 3131K, committed 3200K, reserved 1048576K
Event: 6.290 GC heap after
Heap after GC invocations=2 (full 1):
 PSYoungGen      total 305664K, used 0K [0x000000072ab00000, 0x0000000740000000, 0x00000007c0000000)
  eden space 262144K, 0% used [0x000000072ab00000,0x000000072ab00000,0x000000073ab00000)
  from space 43520K, 0% used [0x000000073ab00000,0x000000073ab00000,0x000000073d580000)
  to   space 43520K, 0% used [0x000000073d580000,0x000000073d580000,0x0000000740000000)
 ParOldGen       total 699392K, used 17652K [0x0000000600000000, 0x000000062ab00000, 0x000000072ab00000)
  object space 699392K, 2% used [0x0000000600000000,0x000000060113d258,0x000000062ab00000)
 Metaspace       used 20776K, capacity 21156K, committed 21296K, reserved 1067008K
  class space    used 2971K, capacity 3131K, committed 3200K, reserved 1048576K
}
Event: 11.946 GC heap before
{Heap before GC invocations=3 (full 1):
 PSYoungGen      total 305664K, used 182694K [0x000000072ab00000, 0x0000000740000000, 0x00000007c0000000)
  eden space 262144K, 69% used [0x000000072ab00000,0x0000000735d69a78,0x000000073ab00000)
  from space 43520K, 0% used [0x000000073ab00000,0x000000073ab00000,0x000000073d580000)
  to   space 43520K, 0% used [0x000000073d580000,0x000000073d580000,0x0000000740000000)
 ParOldGen       total 699392K, used 17652K [0x0000000600000000, 0x000000062ab00000, 0x000000072ab00000)
  object space 699392K, 2% used [0x0000000600000000,0x000000060113d258,0x000000062ab00000)
 Metaspace       used 34595K, capacity 35320K, committed 35456K, reserved 1079296K
  class space    used 4950K, capacity 5183K, committed 5248K, reserved 1048576K
Event: 11.979 GC heap after
Heap after GC invocations=3 (full 1):
 PSYoungGen      total 305664K, used 18174K [0x000000072ab00000, 0x0000000743a80000, 0x00000007c0000000)
  eden space 262144K, 0% used [0x000000072ab00000,0x000000072ab00000,0x000000073ab00000)
  from space 43520K, 41% used [0x000000073d580000,0x000000073e73f890,0x0000000740000000)
  to   space 43520K, 0% used [0x000000073ab00000,0x000000073ab00000,0x000000073d580000)
 ParOldGen       total 699392K, used 17660K [0x0000000600000000, 0x000000062ab00000, 0x000000072ab00000)
  object space 699392K, 2% used [0x0000000600000000,0x000000060113f258,0x000000062ab00000)
 Metaspace       used 34595K, capacity 35320K, committed 35456K, reserved 1079296K
  class space    used 4950K, capacity 5183K, committed 5248K, reserved 1048576K
}
Event: 11.979 GC heap before
{Heap before GC invocations=4 (full 2):
 PSYoungGen      total 305664K, used 18174K [0x000000072ab00000, 0x0000000743a80000, 0x00000007c0000000)
  eden space 262144K, 0% used [0x000000072ab00000,0x000000072ab00000,0x000000073ab00000)
  from space 43520K, 41% used [0x000000073d580000,0x000000073e73f890,0x0000000740000000)
  to   space 43520K, 0% used [0x000000073ab00000,0x000000073ab00000,0x000000073d580000)
 ParOldGen       total 699392K, used 17660K [0x0000000600000000, 0x000000062ab00000, 0x000000072ab00000)
  object space 699392K, 2% used [0x0000000600000000,0x000000060113f258,0x000000062ab00000)
 Metaspace       used 34595K, capacity 35320K, committed 35456K, reserved 1079296K
  class space    used 4950K, capacity 5183K, committed 5248K, reserved 1048576K
Event: 12.061 GC heap after
Heap after GC invocations=4 (full 2):
 PSYoungGen      total 305664K, used 0K [0x000000072ab00000, 0x0000000743a80000, 0x00000007c0000000)
  eden space 262144K, 0% used [0x000000072ab00000,0x000000072ab00000,0x000000073ab00000)
  from space 43520K, 0% used [0x000000073d580000,0x000000073d580000,0x0000000740000000)
  to   space 43520K, 0% used [0x000000073ab00000,0x000000073ab00000,0x000000073d580000)
 ParOldGen       total 699392K, used 24354K [0x0000000600000000, 0x000000062ab00000, 0x000000072ab00000)
  object space 699392K, 3% used [0x0000000600000000,0x00000006017c8bc0,0x000000062ab00000)
 Metaspace       used 34595K, capacity 35320K, committed 35456K, reserved 1079296K
  class space    used 4950K, capacity 5183K, committed 5248K, reserved 1048576K
}
Event: 16.621 GC heap before
{Heap before GC invocations=5 (full 2):
 PSYoungGen      total 305664K, used 262144K [0x000000072ab00000, 0x0000000743a80000, 0x00000007c0000000)
  eden space 262144K, 100% used [0x000000072ab00000,0x000000073ab00000,0x000000073ab00000)
  from space 43520K, 0% used [0x000000073d580000,0x000000073d580000,0x0000000740000000)
  to   space 43520K, 0% used [0x000000073ab00000,0x000000073ab00000,0x000000073d580000)
 ParOldGen       total 699392K, used 24354K [0x0000000600000000, 0x000000062ab00000, 0x000000072ab00000)
  object space 699392K, 3% used [0x0000000600000000,0x00000006017c8bc0,0x000000062ab00000)
 Metaspace       used 52952K, capacity 54622K, committed 54784K, reserved 1095680K
  class space    used 7485K, capacity 7914K, committed 7936K, reserved 1048576K
Event: 16.669 GC heap after
Heap after GC invocations=5 (full 2):
 PSYoungGen      total 305664K, used 26300K [0x000000072ab00000, 0x0000000743a80000, 0x00000007c0000000)
  eden space 262144K, 0% used [0x000000072ab00000,0x000000072ab00000,0x000000073ab00000)
  from space 43520K, 60% used [0x000000073ab00000,0x000000073c4af240,0x000000073d580000)
  to   space 43520K, 0% used [0x000000073d580000,0x000000073d580000,0x0000000740000000)
 ParOldGen       total 699392K, used 24354K [0x0000000600000000, 0x000000062ab00000, 0x000000072ab00000)
  object space 699392K, 3% used [0x0000000600000000,0x00000006017c8bc0,0x000000062ab00000)
 Metaspace       used 52952K, capacity 54622K, committed 54784K, reserved 1095680K
  class space    used 7485K, capacity 7914K, committed 7936K, reserved 1048576K
}

